*ERROR* 	2017/02/22 - 22:27:45: You have an error in your SQL syntax; check the manual that corresponds to your MySQL server version for the right syntax to use near 'as cp  AND cp.`id_cart` NOT IN (SELECT `id_cart` FROM ps_orders)' at line 1<br /><br /><pre>
                DELETE FROM ps_cart_product as cp  AND cp.`id_cart` NOT IN (SELECT `id_cart` FROM ps_orders)</pre> at line 791 in file classes/db/Db.php
*ERROR* 	2017/02/22 - 22:28:48: You have an error in your SQL syntax; check the manual that corresponds to your MySQL server version for the right syntax to use near 'as cp WHERE cp.`id_cart` NOT IN (SELECT `id_cart` FROM ps_orders)' at line 1<br /><br /><pre>
                DELETE FROM ps_cart_product as cp WHERE cp.`id_cart` NOT IN (SELECT `id_cart` FROM ps_orders)</pre> at line 791 in file classes/db/Db.php
*ERROR* 	2017/02/22 - 22:31:24: You have an error in your SQL syntax; check the manual that corresponds to your MySQL server version for the right syntax to use near 'as cp WHERE cp.`id_customized_prod` = 26 AND cp.`id_cart` NOT IN (SELECT `id_car' at line 1<br /><br /><pre>
                DELETE FROM ps_cart_product as cp WHERE cp.`id_customized_prod` = 26 AND cp.`id_cart` NOT IN (SELECT `id_cart` FROM ps_orders)</pre> at line 791 in file classes/db/Db.php
*ERROR* 	2017/02/22 - 22:32:26: You have an error in your SQL syntax; check the manual that corresponds to your MySQL server version for the right syntax to use near 'as cp WHERE cp.`id_customized_prod` = 26 AND cp.`id_cart` NOT IN (SELECT `id_car' at line 1<br /><br /><pre>
                DELETE FROM ps_cart_product as cp WHERE cp.`id_customized_prod` = 26 AND cp.`id_cart` NOT IN (SELECT `id_cart` FROM ps_orders)</pre> at line 791 in file classes/db/Db.php
*ERROR* 	2017/02/22 - 22:36:26: You have an error in your SQL syntax; check the manual that corresponds to your MySQL server version for the right syntax to use near 'as cp WHERE cp.`id_customized_prod` = 26 AND cp.`id_cart` NOT IN (SELECT orders.' at line 1<br /><br /><pre>
                DELETE FROM ps_cart_product as cp WHERE cp.`id_customized_prod` = 26 AND cp.`id_cart` NOT IN (SELECT orders.`id_cart` FROM ps_orders as orders)</pre> at line 791 in file classes/db/Db.php
*ERROR* 	2017/02/22 - 22:38:02: You have an error in your SQL syntax; check the manual that corresponds to your MySQL server version for the right syntax to use near 'as cp WHERE cp.`id_customized_prod` = 26 AND cp.`id_cart` NOT EXISTS (SELECT ord' at line 1<br /><br /><pre>
                DELETE FROM ps_cart_product as cp WHERE cp.`id_customized_prod` = 26 AND cp.`id_cart` NOT EXISTS (SELECT orders.`id_cart` FROM ps_orders as orders)</pre> at line 791 in file classes/db/Db.php
*ERROR* 	2017/02/22 - 22:38:44: Db->executeS() must be used only with select, show, explain or describe queries at line 638 in file classes/db/Db.php
*ERROR* 	2017/02/22 - 22:41:48: You have an error in your SQL syntax; check the manual that corresponds to your MySQL server version for the right syntax to use near 'as cp WHERE cp.`id_customized_prod` = 26 AND cp.`id_cart` NOT EXISTS (SELECT ord' at line 1<br /><br /><pre>
                DELETE FROM ps_cart_product as cp WHERE cp.`id_customized_prod` = 26 AND cp.`id_cart` NOT EXISTS (SELECT orders.`id_cart` FROM ps_orders as orders)</pre> at line 791 in file classes/db/Db.php
*ERROR* 	2017/02/22 - 22:49:24: You have an error in your SQL syntax; check the manual that corresponds to your MySQL server version for the right syntax to use near 'as cp, ps_orders as orders WHERE cp.`id_customized_prod` = 26 AND cp.`id_cart` !' at line 1<br /><br /><pre>
                DELETE FROM ps_cart_product as cp, ps_orders as orders WHERE cp.`id_customized_prod` = 26 AND cp.`id_cart` != orders.`id_cart`</pre> at line 791 in file classes/db/Db.php
*ERROR* 	2017/02/22 - 22:49:57: You have an error in your SQL syntax; check the manual that corresponds to your MySQL server version for the right syntax to use near 'as cp, ps_orders as orders WHERE cp.`id_customized_prod` = 26 AND cp.`id_cart` <' at line 1<br /><br /><pre>
                DELETE FROM ps_cart_product as cp, ps_orders as orders WHERE cp.`id_customized_prod` = 26 AND cp.`id_cart` <> orders.`id_cart`</pre> at line 791 in file classes/db/Db.php
*ERROR* 	2017/02/22 - 22:54:01: You have an error in your SQL syntax; check the manual that corresponds to your MySQL server version for the right syntax to use near 'cp, ps_orders orders WHERE cp.`id_customized_prod` = 26 AND cp.`id_cart` <> orde' at line 1<br /><br /><pre>
                DELETE FROM ps_cart_product cp, ps_orders orders WHERE cp.`id_customized_prod` = 26 AND cp.`id_cart` <> orders.`id_cart`</pre> at line 791 in file classes/db/Db.php
*ERROR* 	2017/02/22 - 22:54:15: You have an error in your SQL syntax; check the manual that corresponds to your MySQL server version for the right syntax to use near 'cp, ps_orders orders WHERE cp.`id_customized_prod` = 26 AND cp.`id_cart` != orde' at line 1<br /><br /><pre>
                DELETE FROM ps_cart_product cp, ps_orders orders WHERE cp.`id_customized_prod` = 26 AND cp.`id_cart` != orders.`id_cart`</pre> at line 791 in file classes/db/Db.php
*ERROR* 	2017/02/22 - 22:55:32: You have an error in your SQL syntax; check the manual that corresponds to your MySQL server version for the right syntax to use near 'cp WHERE cp.`id_customized_prod` = 26 AND cp.`id_cart` NOT IN (SELECT orders.`id' at line 1<br /><br /><pre>
                DELETE FROM ps_cart_product cp WHERE cp.`id_customized_prod` = 26 AND cp.`id_cart` NOT IN (SELECT orders.`id_cart` FROM ps_orders orders)</pre> at line 791 in file classes/db/Db.php
*ERROR* 	2017/02/22 - 22:58:32: Unknown column 'cp.orders' in 'on clause'<br /><br /><pre>
               DELETE cp FROM ps_cart_product cp 
                LEFT JOIN ps_orders orders ON orders.id_cart = cp.orders 
                WHERE orders.id_cart IS NULL</pre> at line 791 in file classes/db/Db.php
*ERROR* 	2017/02/22 - 23:01:00: You have an error in your SQL syntax; check the manual that corresponds to your MySQL server version for the right syntax to use near 'AN cp.id_customized_prod = 28' at line 4<br /><br /><pre>
               DELETE cp FROM ps_cart_product cp 
                LEFT JOIN ps_orders orders ON orders.id_cart = cp.id_cart 
                WHERE orders.id_cart IS NULL
                AN cp.id_customized_prod = 28</pre> at line 791 in file classes/db/Db.php
