*ERROR* 	2017/03/21 - 22:24:09: You have an error in your SQL syntax; check the manual that corresponds to your MySQL server version for the right syntax to use near '' at line 3<br /><br /><pre>
		SELECT *
		FROM `ps_custom_shop_design`
		WHERE `id_shop` = </pre> at line 791 in file classes/db/Db.php
*ERROR* 	2017/03/21 - 22:26:15: You have an error in your SQL syntax; check the manual that corresponds to your MySQL server version for the right syntax to use near '' at line 3<br /><br /><pre>
		SELECT *
		FROM `ps_custom_shop_design`
		WHERE `id_shop` = </pre> at line 791 in file classes/db/Db.php
*ERROR* 	2017/03/21 - 22:27:10: You have an error in your SQL syntax; check the manual that corresponds to your MySQL server version for the right syntax to use near '' at line 3<br /><br /><pre>
		SELECT *
		FROM `ps_custom_shop_design`
		WHERE `id_shop` = </pre> at line 791 in file classes/db/Db.php
*ERROR* 	2017/03/21 - 22:41:25: You have an error in your SQL syntax; check the manual that corresponds to your MySQL server version for the right syntax to use near '' at line 3<br /><br /><pre>
		SELECT *
		FROM `ps_custom_shop_design`
		WHERE `id_shop` = </pre> at line 791 in file classes/db/Db.php
*ERROR* 	2017/03/21 - 22:43:28: You have an error in your SQL syntax; check the manual that corresponds to your MySQL server version for the right syntax to use near '' at line 3<br /><br /><pre>
		SELECT *
		FROM `ps_custom_shop_design`
		WHERE `id_shop` = </pre> at line 791 in file classes/db/Db.php
*ERROR* 	2017/03/21 - 23:06:47: You have an error in your SQL syntax; check the manual that corresponds to your MySQL server version for the right syntax to use near '' at line 3<br /><br /><pre>
		SELECT *
		FROM `ps_custom_shop_customized_prod`
		WHERE `id_design` = </pre> at line 791 in file classes/db/Db.php
