*ERROR* 	2017/02/24 - 04:13:25: You have an error in your SQL syntax; check the manual that corresponds to your MySQL server version for the right syntax to use near '`design_price` = 4, `product_price` = 7 WHERE `id_product` = 515 AND `id_customi' at line 2<br /><br /><pre>
                        UPDATE `ps_cart_product`
                        SET `quantity` = `quantity` + 1, `date_add` = NOW() `design_price` = 4, `product_price` = 7 WHERE `id_product` = 515 AND `id_customized_prod` = 30
                        AND `id_cart` = 221
                        LIMIT 1</pre> at line 791 in file classes/db/Db.php
*ERROR* 	2017/02/24 - 04:13:32: You have an error in your SQL syntax; check the manual that corresponds to your MySQL server version for the right syntax to use near '`design_price` = , `product_price` =  WHERE `id_product` = 515 AND `id_customize' at line 2<br /><br /><pre>
                        UPDATE `ps_cart_product`
                        SET `quantity` = `quantity` - 1, `date_add` = NOW() `design_price` = , `product_price` =  WHERE `id_product` = 515 AND `id_customized_prod` = 30
                        AND `id_cart` = 221
                        LIMIT 1</pre> at line 791 in file classes/db/Db.php
*ERROR* 	2017/02/24 - 04:14:28: You have an error in your SQL syntax; check the manual that corresponds to your MySQL server version for the right syntax to use near '`design_price` = , `product_price` =  WHERE `id_product` = 515 AND `id_customize' at line 2<br /><br /><pre>
                        UPDATE `ps_cart_product`
                        SET `quantity` = `quantity` - 1, `date_add` = NOW() `design_price` = , `product_price` =  WHERE `id_product` = 515 AND `id_customized_prod` = 30
                        AND `id_cart` = 221
                        LIMIT 1</pre> at line 791 in file classes/db/Db.php
*ERROR* 	2017/02/24 - 04:15:33: You have an error in your SQL syntax; check the manual that corresponds to your MySQL server version for the right syntax to use near '`design_price` = 0, `product_price` = 0 WHERE `id_product` = 515 AND `id_customi' at line 2<br /><br /><pre>
                        UPDATE `ps_cart_product`
                        SET `quantity` = `quantity` + 1, `date_add` = NOW() `design_price` = 0, `product_price` = 0 WHERE `id_product` = 515 AND `id_customized_prod` = 30
                        AND `id_cart` = 221
                        LIMIT 1</pre> at line 791 in file classes/db/Db.php
