*ERROR* 	2017/03/22 - 05:56:58: You have an error in your SQL syntax; check the manual that corresponds to your MySQL server version for the right syntax to use near 'dis
				AND `id_cart` = 256 LIMIT 1' at line 4<br /><br /><pre>SELECT SUM(`quantity`)
				FROM `ps_cart_product`
				WHERE `id_product` = 515
                                    dis
				AND `id_cart` = 256 LIMIT 1</pre> at line 791 in file classes/db/Db.php
*ERROR* 	2017/03/22 - 05:56:59: You have an error in your SQL syntax; check the manual that corresponds to your MySQL server version for the right syntax to use near 'dis
				AND `id_cart` = 256 LIMIT 1' at line 4<br /><br /><pre>SELECT SUM(`quantity`)
				FROM `ps_cart_product`
				WHERE `id_product` = 515
                                    dis
				AND `id_cart` = 256 LIMIT 1</pre> at line 791 in file classes/db/Db.php
*ERROR* 	2017/03/22 - 05:56:59: You have an error in your SQL syntax; check the manual that corresponds to your MySQL server version for the right syntax to use near 'dis
				AND `id_cart` = 256 LIMIT 1' at line 4<br /><br /><pre>SELECT SUM(`quantity`)
				FROM `ps_cart_product`
				WHERE `id_product` = 515
                                    dis
				AND `id_cart` = 256 LIMIT 1</pre> at line 791 in file classes/db/Db.php
*ERROR* 	2017/03/22 - 05:57:21: You have an error in your SQL syntax; check the manual that corresponds to your MySQL server version for the right syntax to use near 'dis
				AND `id_cart` = 256 LIMIT 1' at line 4<br /><br /><pre>SELECT SUM(`quantity`)
				FROM `ps_cart_product`
				WHERE `id_product` = 515
                                    dis
				AND `id_cart` = 256 LIMIT 1</pre> at line 791 in file classes/db/Db.php
*ERROR* 	2017/03/22 - 05:57:21: You have an error in your SQL syntax; check the manual that corresponds to your MySQL server version for the right syntax to use near 'dis
				AND `id_cart` = 256 LIMIT 1' at line 4<br /><br /><pre>SELECT SUM(`quantity`)
				FROM `ps_cart_product`
				WHERE `id_product` = 515
                                    dis
				AND `id_cart` = 256 LIMIT 1</pre> at line 791 in file classes/db/Db.php
*ERROR* 	2017/03/22 - 05:57:26: You have an error in your SQL syntax; check the manual that corresponds to your MySQL server version for the right syntax to use near 'dis
				AND `id_cart` = 256 LIMIT 1' at line 4<br /><br /><pre>SELECT SUM(`quantity`)
				FROM `ps_cart_product`
				WHERE `id_product` = 515
                                    dis
				AND `id_cart` = 256 LIMIT 1</pre> at line 791 in file classes/db/Db.php
*ERROR* 	2017/03/22 - 05:57:27: You have an error in your SQL syntax; check the manual that corresponds to your MySQL server version for the right syntax to use near 'dis
				AND `id_cart` = 256 LIMIT 1' at line 4<br /><br /><pre>SELECT SUM(`quantity`)
				FROM `ps_cart_product`
				WHERE `id_product` = 515
                                    dis
				AND `id_cart` = 256 LIMIT 1</pre> at line 791 in file classes/db/Db.php
*ERROR* 	2017/03/22 - 05:57:28: You have an error in your SQL syntax; check the manual that corresponds to your MySQL server version for the right syntax to use near 'dis
				AND `id_cart` = 256 LIMIT 1' at line 4<br /><br /><pre>SELECT SUM(`quantity`)
				FROM `ps_cart_product`
				WHERE `id_product` = 515
                                    dis
				AND `id_cart` = 256 LIMIT 1</pre> at line 791 in file classes/db/Db.php
*ERROR* 	2017/03/22 - 05:57:28: You have an error in your SQL syntax; check the manual that corresponds to your MySQL server version for the right syntax to use near 'dis
				AND `id_cart` = 256 LIMIT 1' at line 4<br /><br /><pre>SELECT SUM(`quantity`)
				FROM `ps_cart_product`
				WHERE `id_product` = 515
                                    dis
				AND `id_cart` = 256 LIMIT 1</pre> at line 791 in file classes/db/Db.php
*ERROR* 	2017/03/22 - 05:57:38: You have an error in your SQL syntax; check the manual that corresponds to your MySQL server version for the right syntax to use near 'dis
				AND `id_cart` = 256 LIMIT 1' at line 4<br /><br /><pre>SELECT SUM(`quantity`)
				FROM `ps_cart_product`
				WHERE `id_product` = 515
                                    dis
				AND `id_cart` = 256 LIMIT 1</pre> at line 791 in file classes/db/Db.php
*ERROR* 	2017/03/22 - 05:57:38: You have an error in your SQL syntax; check the manual that corresponds to your MySQL server version for the right syntax to use near 'dis
				AND `id_cart` = 256 LIMIT 1' at line 4<br /><br /><pre>SELECT SUM(`quantity`)
				FROM `ps_cart_product`
				WHERE `id_product` = 515
                                    dis
				AND `id_cart` = 256 LIMIT 1</pre> at line 791 in file classes/db/Db.php
*ERROR* 	2017/03/22 - 05:58:24: You have an error in your SQL syntax; check the manual that corresponds to your MySQL server version for the right syntax to use near 'dis
				AND `id_cart` = 256 LIMIT 1' at line 4<br /><br /><pre>SELECT SUM(`quantity`)
				FROM `ps_cart_product`
				WHERE `id_product` = 515
                                    dis
				AND `id_cart` = 256 LIMIT 1</pre> at line 791 in file classes/db/Db.php
*ERROR* 	2017/03/22 - 22:09:33: You have an error in your SQL syntax; check the manual that corresponds to your MySQL server version for the right syntax to use near '`custom_picture` = '1490233097_5'
				AND `id_cart` = 257 LIMIT 1' at line 3<br /><br /><pre>SELECT SUM(`quantity`)
				FROM `ps_cart_product`
				WHERE `id_product` = 486AND `custom_picture` = '1490233097_5'
				AND `id_cart` = 257 LIMIT 1</pre> at line 791 in file classes/db/Db.php
