*ERROR* 	2017/02/21 - 23:16:19: You have an error in your SQL syntax; check the manual that corresponds to your MySQL server version for the right syntax to use near '`id_parent` = 45 AND `id_lang` = 1
			AND `active` = 1
			
			ORDER BY c.`level_' at line 6<br /><br /><pre>
			SELECT *
			FROM `ps_category` c
			 INNER JOIN ps_category_shop category_shop
		ON (category_shop.id_category = c.id_category AND category_shop.id_shop = 1)
			LEFT JOIN `ps_category_lang` cl ON c.`id_category` = cl.`id_category` AND cl.id_shop = 1 
			WHERE 1 `id_parent` = 45 AND `id_lang` = 1
			AND `active` = 1
			
			ORDER BY c.`level_depth` ASC, category_shop.`position` ASC
			</pre> at line 791 in file classes/db/Db.php
*ERROR* 	2017/02/21 - 23:16:29: You have an error in your SQL syntax; check the manual that corresponds to your MySQL server version for the right syntax to use near '`id_parent` = 45 AND `id_lang` = 1
			AND `active` = 1
			
			ORDER BY c.`level_' at line 6<br /><br /><pre>
			SELECT *
			FROM `ps_category` c
			 INNER JOIN ps_category_shop category_shop
		ON (category_shop.id_category = c.id_category AND category_shop.id_shop = 1)
			LEFT JOIN `ps_category_lang` cl ON c.`id_category` = cl.`id_category` AND cl.id_shop = 1 
			WHERE 1 `id_parent` = 45 AND `id_lang` = 1
			AND `active` = 1
			
			ORDER BY c.`level_depth` ASC, category_shop.`position` ASC
			</pre> at line 791 in file classes/db/Db.php
